[2024-07-15 14:55:55,935: INFO: main: Welcome to our custom log]
[2024-07-15 14:58:28,903: INFO: main: Welcome to our custom log]
[2024-07-16 10:35:44,486: INFO: common: yaml file: config/config.yaml loaded successfully]
[2024-07-16 10:35:44,488: INFO: common: yaml file: params.yaml loaded successfully]
[2024-07-16 10:35:44,489: INFO: common: created directory at: artifacts]
[2024-07-16 10:35:44,489: INFO: common: created directory at: artifacts/data_ingestion]
[2024-07-16 10:35:44,490: INFO: 986331348: Downloading data from https://drive.google.com/file/d/1vlhZ5c7abUKF8xXERIw6m9Te8fW7ohw3/view?usp=sharing into file artifacts/data_ingestion/data.zip]
[2024-07-16 10:35:54,942: INFO: 986331348: Downloaded data from https://drive.google.com/file/d/1vlhZ5c7abUKF8xXERIw6m9Te8fW7ohw3/view?usp=sharing into file artifacts/data_ingestion/data.zip]
[2024-07-16 10:57:49,955: INFO: main: >>>>>> stage Data Ingestion Stage started <<<<<<]
[2024-07-16 10:57:49,956: INFO: common: yaml file: config/config.yaml loaded successfully]
[2024-07-16 10:57:49,956: INFO: common: yaml file: params.yaml loaded successfully]
[2024-07-16 10:57:49,957: INFO: common: created directory at: artifacts]
[2024-07-16 10:57:49,957: INFO: common: created directory at: artifacts/data_ingestion]
[2024-07-16 10:57:49,957: INFO: data_ingestion: Downloading data from https://drive.google.com/file/d/1vlhZ5c7abUKF8xXERIw6m9Te8fW7ohw3/view?usp=sharing into file artifacts/data_ingestion/data.zip]
[2024-07-16 10:57:55,323: INFO: data_ingestion: Downloaded data from https://drive.google.com/file/d/1vlhZ5c7abUKF8xXERIw6m9Te8fW7ohw3/view?usp=sharing into file artifacts/data_ingestion/data.zip]
[2024-07-16 10:57:55,622: INFO: main: >>>>>> stage Data Ingestion Stage completed <<<<<<

x==========x]
[2024-07-16 11:30:38,014: INFO: common: yaml file: config/config.yaml loaded successfully]
[2024-07-16 11:30:38,016: INFO: common: yaml file: params.yaml loaded successfully]
[2024-07-16 11:30:38,017: INFO: common: created directory at: artifacts]
[2024-07-16 11:30:38,018: INFO: common: created directory at: artifacts/prepare_base_model]
[2024-07-16 11:30:40,316: WARNING: saving_utils: Compiled the loaded model, but the compiled metrics have yet to be built. `model.compile_metrics` will be empty until you train or evaluate the model.]
[2024-07-16 11:30:40,370: WARNING: optimizer: At this time, the v2.11+ optimizer `tf.keras.optimizers.SGD` runs slowly on M1/M2 Macs, please use the legacy Keras optimizer instead, located at `tf.keras.optimizers.legacy.SGD`.]
[2024-07-16 11:30:40,373: WARNING: __init__: There is a known slowdown when using v2.11+ Keras optimizers on M1/M2 Macs. Falling back to the legacy Keras optimizer, i.e., `tf.keras.optimizers.legacy.SGD`.]
[2024-07-16 12:06:14,760: INFO: main: >>>>>> stage Data Ingestion Stage started <<<<<<]
[2024-07-16 12:06:14,761: INFO: common: yaml file: config/config.yaml loaded successfully]
[2024-07-16 12:06:14,762: INFO: common: yaml file: params.yaml loaded successfully]
[2024-07-16 12:06:14,762: INFO: common: created directory at: artifacts]
[2024-07-16 12:06:14,762: INFO: common: created directory at: artifacts/data_ingestion]
[2024-07-16 12:06:14,762: INFO: data_ingestion: Downloading data from https://drive.google.com/file/d/1vlhZ5c7abUKF8xXERIw6m9Te8fW7ohw3/view?usp=sharing into file artifacts/data_ingestion/data.zip]
[2024-07-16 12:06:19,982: INFO: data_ingestion: Downloaded data from https://drive.google.com/file/d/1vlhZ5c7abUKF8xXERIw6m9Te8fW7ohw3/view?usp=sharing into file artifacts/data_ingestion/data.zip]
[2024-07-16 12:06:20,287: INFO: main: >>>>>> stage Data Ingestion Stage completed <<<<<<

x==========x]
[2024-07-16 12:06:20,287: INFO: main: *******************]
[2024-07-16 12:06:20,287: INFO: main: >>>>>> stage Prepare Base Model started <<<<<<]
[2024-07-16 12:06:20,288: INFO: common: yaml file: config/config.yaml loaded successfully]
[2024-07-16 12:06:20,288: INFO: common: yaml file: params.yaml loaded successfully]
[2024-07-16 12:06:20,289: INFO: common: created directory at: artifacts]
[2024-07-16 12:06:20,289: INFO: common: created directory at: artifacts/prepare_base_model]
[2024-07-16 12:06:20,551: WARNING: saving_utils: Compiled the loaded model, but the compiled metrics have yet to be built. `model.compile_metrics` will be empty until you train or evaluate the model.]
[2024-07-16 12:06:20,601: WARNING: optimizer: At this time, the v2.11+ optimizer `tf.keras.optimizers.SGD` runs slowly on M1/M2 Macs, please use the legacy Keras optimizer instead, located at `tf.keras.optimizers.legacy.SGD`.]
[2024-07-16 12:06:20,602: WARNING: __init__: There is a known slowdown when using v2.11+ Keras optimizers on M1/M2 Macs. Falling back to the legacy Keras optimizer, i.e., `tf.keras.optimizers.legacy.SGD`.]
[2024-07-16 12:06:20,630: INFO: main: >>>>>> stage Prepare Base Model completed <<<<<<

x==========x]
[2024-07-16 12:27:00,581: INFO: common: yaml file: config/config.yaml loaded successfully]
[2024-07-16 12:27:00,589: INFO: common: yaml file: params.yaml loaded successfully]
[2024-07-16 12:27:00,590: INFO: common: created directory at: artifacts]
[2024-07-16 12:27:00,594: INFO: common: created directory at: artifacts/training]
[2024-07-16 13:51:33,116: INFO: main: >>>>>> stage Data Ingestion Stage started <<<<<<]
[2024-07-16 13:51:33,117: INFO: common: yaml file: config/config.yaml loaded successfully]
[2024-07-16 13:51:33,118: INFO: common: yaml file: params.yaml loaded successfully]
[2024-07-16 13:51:33,118: INFO: common: created directory at: artifacts]
[2024-07-16 13:51:33,118: INFO: common: created directory at: artifacts/data_ingestion]
[2024-07-16 13:51:33,118: INFO: data_ingestion: Downloading data from https://drive.google.com/file/d/1vlhZ5c7abUKF8xXERIw6m9Te8fW7ohw3/view?usp=sharing into file artifacts/data_ingestion/data.zip]
[2024-07-16 13:51:38,528: INFO: data_ingestion: Downloaded data from https://drive.google.com/file/d/1vlhZ5c7abUKF8xXERIw6m9Te8fW7ohw3/view?usp=sharing into file artifacts/data_ingestion/data.zip]
[2024-07-16 13:51:38,852: INFO: main: >>>>>> stage Data Ingestion Stage completed <<<<<<

x==========x]
[2024-07-16 13:51:38,852: INFO: main: *******************]
[2024-07-16 13:51:38,852: INFO: main: >>>>>> stage Prepare Base Model started <<<<<<]
[2024-07-16 13:51:38,853: INFO: common: yaml file: config/config.yaml loaded successfully]
[2024-07-16 13:51:38,854: INFO: common: yaml file: params.yaml loaded successfully]
[2024-07-16 13:51:38,854: INFO: common: created directory at: artifacts]
[2024-07-16 13:51:38,854: INFO: common: created directory at: artifacts/prepare_base_model]
[2024-07-16 13:51:39,118: WARNING: saving_utils: Compiled the loaded model, but the compiled metrics have yet to be built. `model.compile_metrics` will be empty until you train or evaluate the model.]
[2024-07-16 13:51:39,161: WARNING: optimizer: At this time, the v2.11+ optimizer `tf.keras.optimizers.SGD` runs slowly on M1/M2 Macs, please use the legacy Keras optimizer instead, located at `tf.keras.optimizers.legacy.SGD`.]
[2024-07-16 13:51:39,163: WARNING: __init__: There is a known slowdown when using v2.11+ Keras optimizers on M1/M2 Macs. Falling back to the legacy Keras optimizer, i.e., `tf.keras.optimizers.legacy.SGD`.]
[2024-07-16 13:51:39,194: INFO: main: >>>>>> stage Prepare Base Model completed <<<<<<

x==========x]
[2024-07-16 13:51:39,194: INFO: main: *******************]
[2024-07-16 13:51:39,194: INFO: main: >>>>>> stage Training started <<<<<<]
[2024-07-16 13:51:39,195: INFO: common: yaml file: config/config.yaml loaded successfully]
[2024-07-16 13:51:39,196: INFO: common: yaml file: params.yaml loaded successfully]
[2024-07-16 13:51:39,196: INFO: common: created directory at: artifacts]
[2024-07-16 13:51:39,196: INFO: common: created directory at: artifacts/training]
[2024-07-16 13:52:03,276: INFO: main: >>>>>> stage Training completed <<<<<<

x==========x]
[2024-07-18 15:25:56,511: INFO: main: >>>>>> stage Data Ingestion Stage started <<<<<<]
[2024-07-18 15:25:56,520: INFO: common: yaml file: config\config.yaml loaded successfully]
[2024-07-18 15:25:56,525: INFO: common: yaml file: params.yaml loaded successfully]
[2024-07-18 15:25:56,525: INFO: common: created directory at: artifacts]
[2024-07-18 15:25:56,525: INFO: common: created directory at: artifacts/data_ingestion]
[2024-07-18 15:25:56,525: INFO: data_ingestion: Downloading data from https://drive.google.com/file/d/1vlhZ5c7abUKF8xXERIw6m9Te8fW7ohw3/view?usp=sharing into file artifacts/data_ingestion/data.zip]
[2024-07-18 15:26:00,968: INFO: data_ingestion: Downloaded data from https://drive.google.com/file/d/1vlhZ5c7abUKF8xXERIw6m9Te8fW7ohw3/view?usp=sharing into file artifacts/data_ingestion/data.zip]
[2024-07-18 15:26:01,373: INFO: main: >>>>>> stage Data Ingestion Stage completed <<<<<<

x==========x]
[2024-07-18 15:26:01,373: INFO: main: *******************]
[2024-07-18 15:26:01,373: INFO: main: >>>>>> stage Prepare Base Model started <<<<<<]
[2024-07-18 15:26:01,375: INFO: common: yaml file: config\config.yaml loaded successfully]
[2024-07-18 15:26:01,377: INFO: common: yaml file: params.yaml loaded successfully]
[2024-07-18 15:26:01,377: INFO: common: created directory at: artifacts]
[2024-07-18 15:26:01,377: INFO: common: created directory at: artifacts/prepare_base_model]
[2024-07-18 15:26:02,630: WARNING: saving_utils: Compiled the loaded model, but the compiled metrics have yet to be built. `model.compile_metrics` will be empty until you train or evaluate the model.]
[2024-07-18 15:26:02,781: INFO: main: >>>>>> stage Prepare Base Model completed <<<<<<

x==========x]
[2024-07-18 15:26:02,782: INFO: main: *******************]
[2024-07-18 15:26:02,782: INFO: main: >>>>>> stage Training started <<<<<<]
[2024-07-18 15:26:02,784: INFO: common: yaml file: config\config.yaml loaded successfully]
[2024-07-18 15:26:02,785: INFO: common: yaml file: params.yaml loaded successfully]
[2024-07-18 15:26:02,785: INFO: common: created directory at: artifacts]
[2024-07-18 15:26:02,786: INFO: common: created directory at: artifacts\training]
[2024-07-18 15:26:22,973: INFO: main: >>>>>> stage Training completed <<<<<<

x==========x]
[2024-07-18 15:40:38,551: INFO: common: yaml file: config\config.yaml loaded successfully]
[2024-07-18 15:40:38,554: INFO: common: yaml file: params.yaml loaded successfully]
[2024-07-18 15:40:38,555: INFO: common: created directory at: artifacts]
[2024-07-18 15:40:45,407: INFO: common: json file saved at: scores.json]
[2024-07-18 15:40:47,032: WARNING: save: Found untraced functions such as _jit_compiled_convolution_op, _jit_compiled_convolution_op, _jit_compiled_convolution_op, _jit_compiled_convolution_op, _jit_compiled_convolution_op while saving (showing 5 of 14). These functions will not be directly callable after loading.]
[2024-07-18 15:40:47,450: INFO: builder_impl: Assets written to: C:\Users\sagar\AppData\Local\Temp\tmpqzkl5oec\model\data\model\assets]
[2024-07-18 17:03:27,356: INFO: common: yaml file: config\config.yaml loaded successfully]
[2024-07-18 17:03:27,359: INFO: common: yaml file: params.yaml loaded successfully]
[2024-07-18 17:03:27,360: INFO: common: created directory at: artifacts]
[2024-07-18 17:03:34,068: INFO: common: json file saved at: scores.json]
[2024-07-18 17:03:34,083: WARNING: connectionpool: Retrying (Retry(total=4, connect=5, read=4, redirect=5, status=5)) after connection broken by 'ConnectionResetError(10054, 'An existing connection was forcibly closed by the remote host', None, 10054, None)': /sdhaduk/Kidney-Tumor-Classification.mlflow/api/2.0/mlflow/runs/create]
[2024-07-18 17:03:35,307: WARNING: save: Found untraced functions such as _jit_compiled_convolution_op, _jit_compiled_convolution_op, _jit_compiled_convolution_op, _jit_compiled_convolution_op, _jit_compiled_convolution_op while saving (showing 5 of 14). These functions will not be directly callable after loading.]
[2024-07-18 17:03:35,677: INFO: builder_impl: Assets written to: C:\Users\sagar\AppData\Local\Temp\tmpqwcx4xg6\model\data\model\assets]
[2024-07-18 17:20:52,754: INFO: common: yaml file: config\config.yaml loaded successfully]
[2024-07-18 17:20:52,756: INFO: common: yaml file: params.yaml loaded successfully]
[2024-07-18 17:20:52,757: INFO: common: created directory at: artifacts]
[2024-07-18 17:20:59,383: INFO: common: json file saved at: scores.json]
[2024-07-18 17:20:59,409: WARNING: connectionpool: Retrying (Retry(total=4, connect=5, read=4, redirect=5, status=5)) after connection broken by 'ConnectionResetError(10054, 'An existing connection was forcibly closed by the remote host', None, 10054, None)': /sdhaduk/Kidney-Tumor-Classification.mlflow/api/2.0/mlflow/runs/create]
[2024-07-18 17:21:00,636: WARNING: save: Found untraced functions such as _jit_compiled_convolution_op, _jit_compiled_convolution_op, _jit_compiled_convolution_op, _jit_compiled_convolution_op, _jit_compiled_convolution_op while saving (showing 5 of 14). These functions will not be directly callable after loading.]
[2024-07-18 17:21:01,028: INFO: builder_impl: Assets written to: C:\Users\sagar\AppData\Local\Temp\tmpcau4jnoo\model\data\model\assets]
[2024-07-18 17:24:14,339: INFO: common: yaml file: config\config.yaml loaded successfully]
[2024-07-18 17:24:14,341: INFO: common: yaml file: params.yaml loaded successfully]
[2024-07-18 17:24:14,342: INFO: common: created directory at: artifacts]
[2024-07-18 17:24:21,269: INFO: common: json file saved at: scores.json]
[2024-07-18 17:24:48,775: INFO: common: yaml file: config\config.yaml loaded successfully]
[2024-07-18 17:24:48,778: INFO: common: yaml file: params.yaml loaded successfully]
[2024-07-18 17:24:48,779: INFO: common: created directory at: artifacts]
[2024-07-18 17:24:55,389: INFO: common: json file saved at: scores.json]
[2024-07-18 17:24:56,655: WARNING: save: Found untraced functions such as _jit_compiled_convolution_op, _jit_compiled_convolution_op, _jit_compiled_convolution_op, _jit_compiled_convolution_op, _jit_compiled_convolution_op while saving (showing 5 of 14). These functions will not be directly callable after loading.]
[2024-07-18 17:24:57,036: INFO: builder_impl: Assets written to: C:\Users\sagar\AppData\Local\Temp\tmpfjv0z2bo\model\data\model\assets]
[2024-07-18 17:42:34,958: INFO: common: yaml file: config\config.yaml loaded successfully]
[2024-07-18 17:42:34,960: INFO: common: yaml file: params.yaml loaded successfully]
[2024-07-18 17:42:34,961: INFO: common: created directory at: artifacts]
[2024-07-18 17:42:41,478: INFO: common: json file saved at: scores.json]
[2024-07-18 17:42:42,718: WARNING: save: Found untraced functions such as _jit_compiled_convolution_op, _jit_compiled_convolution_op, _jit_compiled_convolution_op, _jit_compiled_convolution_op, _jit_compiled_convolution_op while saving (showing 5 of 14). These functions will not be directly callable after loading.]
[2024-07-18 17:42:43,264: INFO: builder_impl: Assets written to: C:\Users\sagar\AppData\Local\Temp\tmp1idha8g0\model\data\model\assets]
[2024-07-18 17:49:37,998: INFO: helpers: Accessing as sdhaduk]
[2024-07-18 17:49:38,282: INFO: helpers: Initialized MLflow to track repo "sdhaduk/Kidney-Tumor-Classification"]
[2024-07-18 17:49:38,284: INFO: helpers: Repository sdhaduk/Kidney-Tumor-Classification initialized!]
[2024-07-18 17:50:06,199: INFO: common: yaml file: config\config.yaml loaded successfully]
[2024-07-18 17:50:06,201: INFO: common: yaml file: params.yaml loaded successfully]
[2024-07-18 17:50:06,202: INFO: common: created directory at: artifacts]
[2024-07-18 17:50:12,712: INFO: common: json file saved at: scores.json]
[2024-07-18 17:50:13,950: WARNING: save: Found untraced functions such as _jit_compiled_convolution_op, _jit_compiled_convolution_op, _jit_compiled_convolution_op, _jit_compiled_convolution_op, _jit_compiled_convolution_op while saving (showing 5 of 14). These functions will not be directly callable after loading.]
[2024-07-18 17:50:14,310: INFO: builder_impl: Assets written to: C:\Users\sagar\AppData\Local\Temp\tmp5fyed3t9\model\data\model\assets]
[2024-07-18 18:17:27,170: INFO: common: yaml file: config\config.yaml loaded successfully]
[2024-07-18 18:17:27,174: INFO: common: yaml file: params.yaml loaded successfully]
[2024-07-18 18:17:27,175: INFO: common: created directory at: artifacts]
[2024-07-18 18:17:33,688: INFO: common: json file saved at: scores.json]
[2024-07-18 18:17:33,703: WARNING: connectionpool: Retrying (Retry(total=4, connect=5, read=4, redirect=5, status=5)) after connection broken by 'ConnectionResetError(10054, 'An existing connection was forcibly closed by the remote host', None, 10054, None)': /sdhaduk/Kidney-Tumor-Classification.mlflow/api/2.0/mlflow/runs/create]
[2024-07-18 18:17:34,994: WARNING: save: Found untraced functions such as _jit_compiled_convolution_op, _jit_compiled_convolution_op, _jit_compiled_convolution_op, _jit_compiled_convolution_op, _jit_compiled_convolution_op while saving (showing 5 of 14). These functions will not be directly callable after loading.]
[2024-07-18 18:17:35,394: INFO: builder_impl: Assets written to: C:\Users\sagar\AppData\Local\Temp\tmptjbh2llk\model\data\model\assets]
[2024-07-18 18:30:29,876: INFO: common: yaml file: config\config.yaml loaded successfully]
[2024-07-18 18:30:29,878: INFO: common: yaml file: params.yaml loaded successfully]
[2024-07-18 18:30:29,879: INFO: common: created directory at: artifacts]
[2024-07-18 18:30:36,487: INFO: common: json file saved at: scores.json]
[2024-07-18 18:30:36,503: WARNING: connectionpool: Retrying (Retry(total=4, connect=5, read=4, redirect=5, status=5)) after connection broken by 'ConnectionResetError(10054, 'An existing connection was forcibly closed by the remote host', None, 10054, None)': /entbappy/Kidney-Disease-Classification-MLflow-DVC.mlflow/api/2.0/mlflow/runs/create]
[2024-07-18 18:32:19,963: INFO: common: yaml file: config\config.yaml loaded successfully]
[2024-07-18 18:32:19,966: INFO: common: yaml file: params.yaml loaded successfully]
[2024-07-18 18:32:19,967: INFO: common: created directory at: artifacts]
[2024-07-18 18:32:26,581: INFO: common: json file saved at: scores.json]
[2024-07-18 18:33:31,926: INFO: common: yaml file: config\config.yaml loaded successfully]
[2024-07-18 18:33:31,928: INFO: common: yaml file: params.yaml loaded successfully]
[2024-07-18 18:33:31,929: INFO: common: created directory at: artifacts]
[2024-07-18 18:33:38,304: INFO: common: json file saved at: scores.json]
[2024-07-18 18:34:47,202: INFO: common: yaml file: config\config.yaml loaded successfully]
[2024-07-18 18:34:47,204: INFO: common: yaml file: params.yaml loaded successfully]
[2024-07-18 18:34:47,204: INFO: common: created directory at: artifacts]
[2024-07-18 18:34:53,600: INFO: common: json file saved at: scores.json]
[2024-07-18 18:38:30,260: INFO: common: yaml file: config\config.yaml loaded successfully]
[2024-07-18 18:38:30,262: INFO: common: yaml file: params.yaml loaded successfully]
[2024-07-18 18:38:30,263: INFO: common: created directory at: artifacts]
[2024-07-18 18:38:36,646: INFO: common: json file saved at: scores.json]
[2024-07-18 18:39:14,377: INFO: common: yaml file: config\config.yaml loaded successfully]
[2024-07-18 18:39:14,379: INFO: common: yaml file: params.yaml loaded successfully]
[2024-07-18 18:39:14,380: INFO: common: created directory at: artifacts]
[2024-07-18 18:39:20,916: INFO: common: json file saved at: scores.json]
[2024-07-18 18:39:22,355: WARNING: save: Found untraced functions such as _jit_compiled_convolution_op, _jit_compiled_convolution_op, _jit_compiled_convolution_op, _jit_compiled_convolution_op, _jit_compiled_convolution_op while saving (showing 5 of 14). These functions will not be directly callable after loading.]
[2024-07-18 18:39:22,744: INFO: builder_impl: Assets written to: C:\Users\sagar\AppData\Local\Temp\tmp159c07il\model\data\model\assets]
[2024-07-18 19:05:18,705: INFO: main: >>>>>> stage Data Ingestion Stage started <<<<<<]
[2024-07-18 19:05:18,707: INFO: common: yaml file: config\config.yaml loaded successfully]
[2024-07-18 19:05:18,708: INFO: common: yaml file: params.yaml loaded successfully]
[2024-07-18 19:05:18,708: INFO: common: created directory at: artifacts]
[2024-07-18 19:05:18,709: INFO: common: created directory at: artifacts/data_ingestion]
[2024-07-18 19:05:18,709: INFO: data_ingestion: Downloading data from https://drive.google.com/file/d/1vlhZ5c7abUKF8xXERIw6m9Te8fW7ohw3/view?usp=sharing into file artifacts/data_ingestion/data.zip]
[2024-07-18 19:05:23,146: INFO: data_ingestion: Downloaded data from https://drive.google.com/file/d/1vlhZ5c7abUKF8xXERIw6m9Te8fW7ohw3/view?usp=sharing into file artifacts/data_ingestion/data.zip]
[2024-07-18 19:05:23,543: INFO: main: >>>>>> stage Data Ingestion Stage completed <<<<<<

x==========x]
[2024-07-18 19:05:23,543: INFO: main: *******************]
[2024-07-18 19:05:23,543: INFO: main: >>>>>> stage Prepare Base Model started <<<<<<]
[2024-07-18 19:05:23,545: INFO: common: yaml file: config\config.yaml loaded successfully]
[2024-07-18 19:05:23,546: INFO: common: yaml file: params.yaml loaded successfully]
[2024-07-18 19:05:23,546: INFO: common: created directory at: artifacts]
[2024-07-18 19:05:23,547: INFO: common: created directory at: artifacts/prepare_base_model]
[2024-07-18 19:05:23,843: WARNING: saving_utils: Compiled the loaded model, but the compiled metrics have yet to be built. `model.compile_metrics` will be empty until you train or evaluate the model.]
[2024-07-18 19:05:24,008: INFO: main: >>>>>> stage Prepare Base Model completed <<<<<<

x==========x]
[2024-07-18 19:05:24,008: INFO: main: *******************]
[2024-07-18 19:05:24,008: INFO: main: >>>>>> stage Training started <<<<<<]
[2024-07-18 19:05:24,010: INFO: common: yaml file: config\config.yaml loaded successfully]
[2024-07-18 19:05:24,011: INFO: common: yaml file: params.yaml loaded successfully]
[2024-07-18 19:05:24,012: INFO: common: created directory at: artifacts]
[2024-07-18 19:05:24,012: INFO: common: created directory at: artifacts\training]
[2024-07-18 19:05:44,118: INFO: main: >>>>>> stage Training completed <<<<<<

x==========x]
[2024-07-18 19:05:44,118: INFO: main: *******************]
[2024-07-18 19:05:44,119: INFO: main: >>>>>> stage Evaluation Stage started <<<<<<]
[2024-07-18 19:05:44,120: INFO: common: yaml file: config\config.yaml loaded successfully]
[2024-07-18 19:05:44,121: INFO: common: yaml file: params.yaml loaded successfully]
[2024-07-18 19:05:44,122: INFO: common: created directory at: artifacts]
[2024-07-18 19:05:50,398: INFO: common: json file saved at: scores.json]
[2024-07-18 19:05:50,399: INFO: common: json file saved at: scores.json]
[2024-07-18 19:05:50,399: INFO: main: >>>>>> stage Evaluation Stage completed <<<<<<

x==========x]
[2024-07-18 19:07:15,278: INFO: main: >>>>>> stage Data Ingestion Stage started <<<<<<]
[2024-07-18 19:07:15,280: INFO: common: yaml file: config\config.yaml loaded successfully]
[2024-07-18 19:07:15,286: INFO: common: yaml file: params.yaml loaded successfully]
[2024-07-18 19:07:15,287: INFO: common: created directory at: artifacts]
[2024-07-18 19:07:15,287: INFO: common: created directory at: artifacts/data_ingestion]
[2024-07-18 19:07:15,287: INFO: data_ingestion: Downloading data from https://drive.google.com/file/d/1vlhZ5c7abUKF8xXERIw6m9Te8fW7ohw3/view?usp=sharing into file artifacts/data_ingestion/data.zip]
[2024-07-18 19:07:19,415: INFO: data_ingestion: Downloaded data from https://drive.google.com/file/d/1vlhZ5c7abUKF8xXERIw6m9Te8fW7ohw3/view?usp=sharing into file artifacts/data_ingestion/data.zip]
[2024-07-18 19:07:19,743: INFO: main: >>>>>> stage Data Ingestion Stage completed <<<<<<

x==========x]
[2024-07-18 19:07:19,743: INFO: main: *******************]
[2024-07-18 19:07:19,743: INFO: main: >>>>>> stage Prepare Base Model started <<<<<<]
[2024-07-18 19:07:19,744: INFO: common: yaml file: config\config.yaml loaded successfully]
[2024-07-18 19:07:19,746: INFO: common: yaml file: params.yaml loaded successfully]
[2024-07-18 19:07:19,746: INFO: common: created directory at: artifacts]
[2024-07-18 19:07:19,746: INFO: common: created directory at: artifacts/prepare_base_model]
[2024-07-18 19:07:20,015: WARNING: saving_utils: Compiled the loaded model, but the compiled metrics have yet to be built. `model.compile_metrics` will be empty until you train or evaluate the model.]
[2024-07-18 19:07:20,151: INFO: main: >>>>>> stage Prepare Base Model completed <<<<<<

x==========x]
[2024-07-18 19:07:20,152: INFO: main: *******************]
[2024-07-18 19:07:20,152: INFO: main: >>>>>> stage Training started <<<<<<]
[2024-07-18 19:07:20,153: INFO: common: yaml file: config\config.yaml loaded successfully]
[2024-07-18 19:07:20,155: INFO: common: yaml file: params.yaml loaded successfully]
[2024-07-18 19:07:20,155: INFO: common: created directory at: artifacts]
[2024-07-18 19:07:20,155: INFO: common: created directory at: artifacts\training]
[2024-07-18 19:08:00,975: INFO: main: >>>>>> stage Training completed <<<<<<

x==========x]
[2024-07-18 19:08:00,975: INFO: main: *******************]
[2024-07-18 19:08:00,975: INFO: main: >>>>>> stage Evaluation Stage started <<<<<<]
[2024-07-18 19:08:00,977: INFO: common: yaml file: config\config.yaml loaded successfully]
[2024-07-18 19:08:00,978: INFO: common: yaml file: params.yaml loaded successfully]
[2024-07-18 19:08:00,978: INFO: common: created directory at: artifacts]
[2024-07-18 19:08:08,246: INFO: common: json file saved at: scores.json]
[2024-07-18 19:08:08,246: INFO: common: json file saved at: scores.json]
[2024-07-18 19:08:09,130: WARNING: save: Found untraced functions such as _jit_compiled_convolution_op, _jit_compiled_convolution_op, _jit_compiled_convolution_op, _jit_compiled_convolution_op, _jit_compiled_convolution_op while saving (showing 5 of 14). These functions will not be directly callable after loading.]
[2024-07-18 19:08:09,494: INFO: builder_impl: Assets written to: C:\Users\sagar\AppData\Local\Temp\tmpqr0a7f04\model\data\model\assets]
[2024-07-18 19:08:14,056: INFO: dir_util: creating C:\Users\sagar\VSCode\Projects\Kidney-Tumor-Classification\mlruns\0\d492176f0ffa48f582cc134235a3f3fe\artifacts\model\data]
[2024-07-18 19:08:14,057: INFO: dir_util: creating C:\Users\sagar\VSCode\Projects\Kidney-Tumor-Classification\mlruns\0\d492176f0ffa48f582cc134235a3f3fe\artifacts\model\data\model]
[2024-07-18 19:08:14,058: INFO: dir_util: creating C:\Users\sagar\VSCode\Projects\Kidney-Tumor-Classification\mlruns\0\d492176f0ffa48f582cc134235a3f3fe\artifacts\model\data\model\assets]
[2024-07-18 19:08:14,061: INFO: dir_util: creating C:\Users\sagar\VSCode\Projects\Kidney-Tumor-Classification\mlruns\0\d492176f0ffa48f582cc134235a3f3fe\artifacts\model\data\model\variables]
[2024-07-18 19:08:14,117: INFO: main: >>>>>> stage Evaluation Stage completed <<<<<<

x==========x]
[2024-07-18 19:12:36,231: INFO: main: >>>>>> stage Data Ingestion Stage started <<<<<<]
[2024-07-18 19:12:36,233: INFO: common: yaml file: config\config.yaml loaded successfully]
[2024-07-18 19:12:36,234: INFO: common: yaml file: params.yaml loaded successfully]
[2024-07-18 19:12:36,234: INFO: common: created directory at: artifacts]
[2024-07-18 19:12:36,234: INFO: common: created directory at: artifacts/data_ingestion]
[2024-07-18 19:12:36,234: INFO: data_ingestion: Downloading data from https://drive.google.com/file/d/1vlhZ5c7abUKF8xXERIw6m9Te8fW7ohw3/view?usp=sharing into file artifacts/data_ingestion/data.zip]
[2024-07-18 19:12:40,350: INFO: data_ingestion: Downloaded data from https://drive.google.com/file/d/1vlhZ5c7abUKF8xXERIw6m9Te8fW7ohw3/view?usp=sharing into file artifacts/data_ingestion/data.zip]
[2024-07-18 19:12:40,734: INFO: main: >>>>>> stage Data Ingestion Stage completed <<<<<<

x==========x]
[2024-07-18 19:12:40,734: INFO: main: *******************]
[2024-07-18 19:12:40,734: INFO: main: >>>>>> stage Prepare Base Model started <<<<<<]
[2024-07-18 19:12:40,736: INFO: common: yaml file: config\config.yaml loaded successfully]
[2024-07-18 19:12:40,737: INFO: common: yaml file: params.yaml loaded successfully]
[2024-07-18 19:12:40,737: INFO: common: created directory at: artifacts]
[2024-07-18 19:12:40,737: INFO: common: created directory at: artifacts/prepare_base_model]
[2024-07-18 19:12:41,048: WARNING: saving_utils: Compiled the loaded model, but the compiled metrics have yet to be built. `model.compile_metrics` will be empty until you train or evaluate the model.]
[2024-07-18 19:12:41,210: INFO: main: >>>>>> stage Prepare Base Model completed <<<<<<

x==========x]
[2024-07-18 19:12:41,211: INFO: main: *******************]
[2024-07-18 19:12:41,211: INFO: main: >>>>>> stage Training started <<<<<<]
[2024-07-18 19:12:41,213: INFO: common: yaml file: config\config.yaml loaded successfully]
[2024-07-18 19:12:41,214: INFO: common: yaml file: params.yaml loaded successfully]
[2024-07-18 19:12:41,215: INFO: common: created directory at: artifacts]
[2024-07-18 19:12:41,215: INFO: common: created directory at: artifacts\training]
[2024-07-18 19:13:21,719: INFO: main: >>>>>> stage Training completed <<<<<<

x==========x]
[2024-07-18 19:13:21,719: INFO: main: *******************]
[2024-07-18 19:13:21,719: INFO: main: >>>>>> stage Evaluation Stage started <<<<<<]
[2024-07-18 19:13:21,720: INFO: common: yaml file: config\config.yaml loaded successfully]
[2024-07-18 19:13:21,721: INFO: common: yaml file: params.yaml loaded successfully]
[2024-07-18 19:13:21,722: INFO: common: created directory at: artifacts]
[2024-07-18 19:13:29,096: INFO: common: json file saved at: scores.json]
[2024-07-18 19:13:29,096: INFO: common: json file saved at: scores.json]
[2024-07-18 19:13:30,021: WARNING: save: Found untraced functions such as _jit_compiled_convolution_op, _jit_compiled_convolution_op, _jit_compiled_convolution_op, _jit_compiled_convolution_op, _jit_compiled_convolution_op while saving (showing 5 of 14). These functions will not be directly callable after loading.]
[2024-07-18 19:13:30,379: INFO: builder_impl: Assets written to: C:\Users\sagar\AppData\Local\Temp\tmp55nsaw_2\model\data\model\assets]
[2024-07-18 19:13:34,978: INFO: dir_util: creating C:\Users\sagar\VSCode\Projects\Kidney-Tumor-Classification\mlruns\0\418310dfc2534c32b23208ddd9efb727\artifacts\model\data]
[2024-07-18 19:13:34,979: INFO: dir_util: creating C:\Users\sagar\VSCode\Projects\Kidney-Tumor-Classification\mlruns\0\418310dfc2534c32b23208ddd9efb727\artifacts\model\data\model]
[2024-07-18 19:13:34,979: INFO: dir_util: creating C:\Users\sagar\VSCode\Projects\Kidney-Tumor-Classification\mlruns\0\418310dfc2534c32b23208ddd9efb727\artifacts\model\data\model\assets]
[2024-07-18 19:13:34,981: INFO: dir_util: creating C:\Users\sagar\VSCode\Projects\Kidney-Tumor-Classification\mlruns\0\418310dfc2534c32b23208ddd9efb727\artifacts\model\data\model\variables]
[2024-07-18 19:13:35,034: INFO: main: >>>>>> stage Evaluation Stage completed <<<<<<

x==========x]
[2024-07-18 19:26:03,115: INFO: main: >>>>>> stage Data Ingestion Stage started <<<<<<]
[2024-07-18 19:26:03,117: INFO: common: yaml file: config\config.yaml loaded successfully]
[2024-07-18 19:26:03,118: INFO: common: yaml file: params.yaml loaded successfully]
[2024-07-18 19:26:03,119: INFO: common: created directory at: artifacts]
[2024-07-18 19:26:03,119: INFO: common: created directory at: artifacts/data_ingestion]
[2024-07-18 19:26:03,119: INFO: data_ingestion: Downloading data from https://drive.google.com/file/d/1vlhZ5c7abUKF8xXERIw6m9Te8fW7ohw3/view?usp=sharing into file artifacts/data_ingestion/data.zip]
[2024-07-18 19:26:07,158: INFO: data_ingestion: Downloaded data from https://drive.google.com/file/d/1vlhZ5c7abUKF8xXERIw6m9Te8fW7ohw3/view?usp=sharing into file artifacts/data_ingestion/data.zip]
[2024-07-18 19:26:07,563: INFO: main: >>>>>> stage Data Ingestion Stage completed <<<<<<

x==========x]
[2024-07-18 19:26:07,564: INFO: main: *******************]
[2024-07-18 19:26:07,564: INFO: main: >>>>>> stage Prepare Base Model started <<<<<<]
[2024-07-18 19:26:07,565: INFO: common: yaml file: config\config.yaml loaded successfully]
[2024-07-18 19:26:07,566: INFO: common: yaml file: params.yaml loaded successfully]
[2024-07-18 19:26:07,567: INFO: common: created directory at: artifacts]
[2024-07-18 19:26:07,567: INFO: common: created directory at: artifacts/prepare_base_model]
[2024-07-18 19:26:07,869: WARNING: saving_utils: Compiled the loaded model, but the compiled metrics have yet to be built. `model.compile_metrics` will be empty until you train or evaluate the model.]
[2024-07-18 19:26:08,005: INFO: main: >>>>>> stage Prepare Base Model completed <<<<<<

x==========x]
[2024-07-18 19:26:08,005: INFO: main: *******************]
[2024-07-18 19:26:08,006: INFO: main: >>>>>> stage Training started <<<<<<]
[2024-07-18 19:26:08,008: INFO: common: yaml file: config\config.yaml loaded successfully]
[2024-07-18 19:26:08,009: INFO: common: yaml file: params.yaml loaded successfully]
[2024-07-18 19:26:08,009: INFO: common: created directory at: artifacts]
[2024-07-18 19:26:08,009: INFO: common: created directory at: artifacts\training]
[2024-07-18 19:26:50,763: INFO: main: >>>>>> stage Training completed <<<<<<

x==========x]
[2024-07-18 19:26:50,763: INFO: main: *******************]
[2024-07-18 19:26:50,763: INFO: main: >>>>>> stage Evaluation Stage started <<<<<<]
[2024-07-18 19:26:50,765: INFO: common: yaml file: config\config.yaml loaded successfully]
[2024-07-18 19:26:50,766: INFO: common: yaml file: params.yaml loaded successfully]
[2024-07-18 19:26:50,767: INFO: common: created directory at: artifacts]
[2024-07-18 19:26:58,250: INFO: common: json file saved at: scores.json]
[2024-07-18 19:26:58,250: INFO: common: json file saved at: scores.json]
[2024-07-18 19:26:59,330: WARNING: save: Found untraced functions such as _jit_compiled_convolution_op, _jit_compiled_convolution_op, _jit_compiled_convolution_op, _jit_compiled_convolution_op, _jit_compiled_convolution_op while saving (showing 5 of 14). These functions will not be directly callable after loading.]
[2024-07-18 19:26:59,749: INFO: builder_impl: Assets written to: C:\Users\sagar\AppData\Local\Temp\tmpoyq8e1vd\model\data\model\assets]
[2024-07-18 19:27:05,030: INFO: dir_util: creating C:\Users\sagar\VSCode\Projects\Kidney-Tumor-Classification\mlruns\0\6ce70b3c05994a7abe19927a674ae98b\artifacts\model\data]
[2024-07-18 19:27:05,031: INFO: dir_util: creating C:\Users\sagar\VSCode\Projects\Kidney-Tumor-Classification\mlruns\0\6ce70b3c05994a7abe19927a674ae98b\artifacts\model\data\model]
[2024-07-18 19:27:05,031: INFO: dir_util: creating C:\Users\sagar\VSCode\Projects\Kidney-Tumor-Classification\mlruns\0\6ce70b3c05994a7abe19927a674ae98b\artifacts\model\data\model\assets]
[2024-07-18 19:27:05,035: INFO: dir_util: creating C:\Users\sagar\VSCode\Projects\Kidney-Tumor-Classification\mlruns\0\6ce70b3c05994a7abe19927a674ae98b\artifacts\model\data\model\variables]
[2024-07-18 19:27:05,091: INFO: main: >>>>>> stage Evaluation Stage completed <<<<<<

x==========x]
[2024-07-18 19:48:26,507: INFO: main: >>>>>> stage Data Ingestion Stage started <<<<<<]
[2024-07-18 19:48:26,509: INFO: common: yaml file: config\config.yaml loaded successfully]
[2024-07-18 19:48:26,510: INFO: common: yaml file: params.yaml loaded successfully]
[2024-07-18 19:48:26,510: INFO: common: created directory at: artifacts]
[2024-07-18 19:48:26,510: INFO: common: created directory at: artifacts/data_ingestion]
[2024-07-18 19:48:26,511: INFO: data_ingestion: Downloading data from https://drive.google.com/file/d/1vlhZ5c7abUKF8xXERIw6m9Te8fW7ohw3/view?usp=sharing into file artifacts/data_ingestion/data.zip]
[2024-07-18 19:48:31,193: INFO: data_ingestion: Downloaded data from https://drive.google.com/file/d/1vlhZ5c7abUKF8xXERIw6m9Te8fW7ohw3/view?usp=sharing into file artifacts/data_ingestion/data.zip]
[2024-07-18 19:48:31,569: INFO: main: >>>>>> stage Data Ingestion Stage completed <<<<<<

x==========x]
[2024-07-18 19:48:31,570: INFO: main: *******************]
[2024-07-18 19:48:31,570: INFO: main: >>>>>> stage Prepare Base Model started <<<<<<]
[2024-07-18 19:48:31,571: INFO: common: yaml file: config\config.yaml loaded successfully]
[2024-07-18 19:48:31,572: INFO: common: yaml file: params.yaml loaded successfully]
[2024-07-18 19:48:31,572: INFO: common: created directory at: artifacts]
[2024-07-18 19:48:31,573: INFO: common: created directory at: artifacts/prepare_base_model]
[2024-07-18 19:48:31,842: WARNING: saving_utils: Compiled the loaded model, but the compiled metrics have yet to be built. `model.compile_metrics` will be empty until you train or evaluate the model.]
[2024-07-18 19:48:31,959: INFO: main: >>>>>> stage Prepare Base Model completed <<<<<<

x==========x]
[2024-07-18 19:48:31,960: INFO: main: *******************]
[2024-07-18 19:48:31,960: INFO: main: >>>>>> stage Training started <<<<<<]
[2024-07-18 19:48:31,961: INFO: common: yaml file: config\config.yaml loaded successfully]
[2024-07-18 19:48:31,962: INFO: common: yaml file: params.yaml loaded successfully]
[2024-07-18 19:48:31,963: INFO: common: created directory at: artifacts]
[2024-07-18 19:48:31,963: INFO: common: created directory at: artifacts\training]
[2024-07-18 19:49:12,594: INFO: main: >>>>>> stage Training completed <<<<<<

x==========x]
[2024-07-18 19:49:12,594: INFO: main: *******************]
[2024-07-18 19:49:12,594: INFO: main: >>>>>> stage Evaluation Stage started <<<<<<]
[2024-07-18 19:49:12,596: INFO: common: yaml file: config\config.yaml loaded successfully]
[2024-07-18 19:49:12,597: INFO: common: yaml file: params.yaml loaded successfully]
[2024-07-18 19:49:12,597: INFO: common: created directory at: artifacts]
[2024-07-18 19:49:19,817: INFO: common: json file saved at: scores.json]
[2024-07-18 19:49:19,817: INFO: common: json file saved at: scores.json]
[2024-07-18 19:49:23,938: WARNING: save: Found untraced functions such as _jit_compiled_convolution_op, _jit_compiled_convolution_op, _jit_compiled_convolution_op, _jit_compiled_convolution_op, _jit_compiled_convolution_op while saving (showing 5 of 14). These functions will not be directly callable after loading.]
[2024-07-18 19:49:24,321: INFO: builder_impl: Assets written to: C:\Users\sagar\AppData\Local\Temp\tmpz1jfet76\model\data\model\assets]
[2024-07-18 19:49:42,110: INFO: main: >>>>>> stage Evaluation Stage completed <<<<<<

x==========x]
[2024-07-18 19:50:43,198: INFO: main: >>>>>> stage Data Ingestion Stage started <<<<<<]
[2024-07-18 19:50:43,200: INFO: common: yaml file: config\config.yaml loaded successfully]
[2024-07-18 19:50:43,207: INFO: common: yaml file: params.yaml loaded successfully]
[2024-07-18 19:50:43,207: INFO: common: created directory at: artifacts]
[2024-07-18 19:50:43,207: INFO: common: created directory at: artifacts/data_ingestion]
[2024-07-18 19:50:43,207: INFO: data_ingestion: Downloading data from https://drive.google.com/file/d/1vlhZ5c7abUKF8xXERIw6m9Te8fW7ohw3/view?usp=sharing into file artifacts/data_ingestion/data.zip]
[2024-07-18 19:50:47,592: INFO: data_ingestion: Downloaded data from https://drive.google.com/file/d/1vlhZ5c7abUKF8xXERIw6m9Te8fW7ohw3/view?usp=sharing into file artifacts/data_ingestion/data.zip]
[2024-07-18 19:50:47,951: INFO: main: >>>>>> stage Data Ingestion Stage completed <<<<<<

x==========x]
[2024-07-18 19:50:47,951: INFO: main: *******************]
[2024-07-18 19:50:47,952: INFO: main: >>>>>> stage Prepare Base Model started <<<<<<]
[2024-07-18 19:50:47,967: INFO: common: yaml file: config\config.yaml loaded successfully]
[2024-07-18 19:50:47,968: INFO: common: yaml file: params.yaml loaded successfully]
[2024-07-18 19:50:47,968: INFO: common: created directory at: artifacts]
[2024-07-18 19:50:47,974: INFO: common: created directory at: artifacts/prepare_base_model]
[2024-07-18 19:50:48,273: WARNING: saving_utils: Compiled the loaded model, but the compiled metrics have yet to be built. `model.compile_metrics` will be empty until you train or evaluate the model.]
[2024-07-18 19:50:48,423: INFO: main: >>>>>> stage Prepare Base Model completed <<<<<<

x==========x]
[2024-07-18 19:50:48,423: INFO: main: *******************]
[2024-07-18 19:50:48,423: INFO: main: >>>>>> stage Training started <<<<<<]
[2024-07-18 19:50:48,424: INFO: common: yaml file: config\config.yaml loaded successfully]
[2024-07-18 19:50:48,425: INFO: common: yaml file: params.yaml loaded successfully]
[2024-07-18 19:50:48,426: INFO: common: created directory at: artifacts]
[2024-07-18 19:50:48,426: INFO: common: created directory at: artifacts\training]
[2024-07-18 19:51:28,944: INFO: main: >>>>>> stage Training completed <<<<<<

x==========x]
[2024-07-18 19:51:28,944: INFO: main: *******************]
[2024-07-18 19:51:28,944: INFO: main: >>>>>> stage Evaluation Stage started <<<<<<]
[2024-07-18 19:51:28,946: INFO: common: yaml file: config\config.yaml loaded successfully]
[2024-07-18 19:51:28,947: INFO: common: yaml file: params.yaml loaded successfully]
[2024-07-18 19:51:28,947: INFO: common: created directory at: artifacts]
[2024-07-18 19:51:36,439: INFO: common: json file saved at: scores.json]
[2024-07-18 19:51:36,440: INFO: common: json file saved at: scores.json]
[2024-07-18 19:51:40,532: WARNING: save: Found untraced functions such as _jit_compiled_convolution_op, _jit_compiled_convolution_op, _jit_compiled_convolution_op, _jit_compiled_convolution_op, _jit_compiled_convolution_op while saving (showing 5 of 14). These functions will not be directly callable after loading.]
[2024-07-18 19:51:40,877: INFO: builder_impl: Assets written to: C:\Users\sagar\AppData\Local\Temp\tmpopi457cv\model\data\model\assets]
[2024-07-18 19:51:58,198: INFO: main: >>>>>> stage Evaluation Stage completed <<<<<<

x==========x]
[2024-07-18 19:53:26,910: INFO: main: >>>>>> stage Data Ingestion Stage started <<<<<<]
[2024-07-18 19:53:26,911: INFO: common: yaml file: config\config.yaml loaded successfully]
[2024-07-18 19:53:26,918: INFO: common: yaml file: params.yaml loaded successfully]
[2024-07-18 19:53:26,918: INFO: common: created directory at: artifacts]
[2024-07-18 19:53:26,918: INFO: common: created directory at: artifacts/data_ingestion]
[2024-07-18 19:53:26,919: INFO: data_ingestion: Downloading data from https://drive.google.com/file/d/1vlhZ5c7abUKF8xXERIw6m9Te8fW7ohw3/view?usp=sharing into file artifacts/data_ingestion/data.zip]
[2024-07-18 19:53:31,028: INFO: data_ingestion: Downloaded data from https://drive.google.com/file/d/1vlhZ5c7abUKF8xXERIw6m9Te8fW7ohw3/view?usp=sharing into file artifacts/data_ingestion/data.zip]
[2024-07-18 19:53:31,355: INFO: main: >>>>>> stage Data Ingestion Stage completed <<<<<<

x==========x]
[2024-07-18 19:53:31,355: INFO: main: *******************]
[2024-07-18 19:53:31,355: INFO: main: >>>>>> stage Prepare Base Model started <<<<<<]
[2024-07-18 19:53:31,356: INFO: common: yaml file: config\config.yaml loaded successfully]
[2024-07-18 19:53:31,357: INFO: common: yaml file: params.yaml loaded successfully]
[2024-07-18 19:53:31,358: INFO: common: created directory at: artifacts]
[2024-07-18 19:53:31,358: INFO: common: created directory at: artifacts/prepare_base_model]
[2024-07-18 19:53:31,639: WARNING: saving_utils: Compiled the loaded model, but the compiled metrics have yet to be built. `model.compile_metrics` will be empty until you train or evaluate the model.]
[2024-07-18 19:53:31,777: INFO: main: >>>>>> stage Prepare Base Model completed <<<<<<

x==========x]
[2024-07-18 19:53:31,778: INFO: main: *******************]
[2024-07-18 19:53:31,778: INFO: main: >>>>>> stage Training started <<<<<<]
[2024-07-18 19:53:31,779: INFO: common: yaml file: config\config.yaml loaded successfully]
[2024-07-18 19:53:31,781: INFO: common: yaml file: params.yaml loaded successfully]
[2024-07-18 19:53:31,781: INFO: common: created directory at: artifacts]
[2024-07-18 19:53:31,781: INFO: common: created directory at: artifacts\training]
[2024-07-18 19:57:07,188: INFO: main: >>>>>> stage Training completed <<<<<<

x==========x]
[2024-07-18 19:57:07,188: INFO: main: *******************]
[2024-07-18 19:57:07,188: INFO: main: >>>>>> stage Evaluation Stage started <<<<<<]
[2024-07-18 19:57:07,190: INFO: common: yaml file: config\config.yaml loaded successfully]
[2024-07-18 19:57:07,191: INFO: common: yaml file: params.yaml loaded successfully]
[2024-07-18 19:57:07,191: INFO: common: created directory at: artifacts]
[2024-07-18 19:57:14,482: INFO: common: json file saved at: scores.json]
[2024-07-18 19:57:14,482: INFO: common: json file saved at: scores.json]
[2024-07-18 19:57:18,539: WARNING: save: Found untraced functions such as _jit_compiled_convolution_op, _jit_compiled_convolution_op, _jit_compiled_convolution_op, _jit_compiled_convolution_op, _jit_compiled_convolution_op while saving (showing 5 of 14). These functions will not be directly callable after loading.]
[2024-07-18 19:57:18,886: INFO: builder_impl: Assets written to: C:\Users\sagar\AppData\Local\Temp\tmpzh_0sl38\model\data\model\assets]
[2024-07-18 19:57:36,718: INFO: main: >>>>>> stage Evaluation Stage completed <<<<<<

x==========x]
